2014-09-29 19:44:18: -- smarty members mobile: ANALYSIS started by On File Change Incremental on 'mike’s MacBook Pro' (GoodSync 4.3.7.0)
2014-09-29 19:44:18: /code/hey/tv styles/smarty0_mobile =NoPropDels=> ftp://cs2055.mojohost.com/bonobodesigns.com/public_html/cms_admin/smarty/smarty0_mobile, NoWaitForLocks, UberUnlockedUpload, CopyCreateTime
2014-09-29 19:44:18: Change in: /code/hey/tv styles/smarty0_mobile/general/header.tpl
2014-09-29 19:44:19: Changes: 1, Conflicts: 0, CopyTime: 0, CopyState: 0/0, Errors: 0
2014-09-29 19:44:19: Left to Right: Copy File: 1 
2014-09-29 19:44:19: -- Analysis Completed. Time 00:00:02, Speed: 61 files/s
2014-09-29 19:44:19: == smarty members mobile: SYNC started by On File Change Incremental on 'mike’s MacBook Pro'
2014-09-29 19:44:19: /code/hey/tv styles/smarty0_mobile =NoPropDels=> ftp://cs2055.mojohost.com/bonobodesigns.com/public_html/cms_admin/smarty/smarty0_mobile, NoWaitForLocks, UberUnlockedUpload, CopyCreateTime
2014-09-29 19:44:20: Copy Over '/code/hey/tv styles/smarty0_mobile/general/header.tpl' -> 'ftp://cs2055.mojohost.com/bonobodesigns.com/public_html/cms_admin/smarty/smarty0_mobile/general/header.tpl'
2014-09-29 19:44:21: Items Synced OK: 1, Errors: 0
2014-09-29 19:44:21: == Sync Completed. Time: 00:00:02, Speed: 98.0/s (0.0/s)
2014-09-29 19:44:21: --- Do one more Analyze to get latest changes of this Sync ---
2014-09-29 19:44:21: -- smarty members mobile: ANALYSIS started by On File Change Incremental on 'mike’s MacBook Pro' (GoodSync 4.3.7.0)
2014-09-29 19:44:21: /code/hey/tv styles/smarty0_mobile =NoPropDels=> ftp://cs2055.mojohost.com/bonobodesigns.com/public_html/cms_admin/smarty/smarty0_mobile, NoWaitForLocks, UberUnlockedUpload, CopyCreateTime
2014-09-29 19:44:21: Change in: /code/hey/tv styles/smarty0_mobile/general/header.tpl
2014-09-29 19:44:21: Changes: 1, Conflicts: 0, CopyTime: 0, CopyState: 0/0, Errors: 0
2014-09-29 19:44:21: Left to Right: Copy File: 1 
2014-09-29 19:44:21: -- Analysis Completed. Time 00:00:02, Speed: 61 files/s
2014-09-29 19:44:21: == smarty members mobile: SYNC started by On File Change Incremental on 'mike’s MacBook Pro'
2014-09-29 19:44:21: /code/hey/tv styles/smarty0_mobile =NoPropDels=> ftp://cs2055.mojohost.com/bonobodesigns.com/public_html/cms_admin/smarty/smarty0_mobile, NoWaitForLocks, UberUnlockedUpload, CopyCreateTime
2014-09-29 19:44:23: Copy Over '/code/hey/tv styles/smarty0_mobile/general/header.tpl' -> 'ftp://cs2055.mojohost.com/bonobodesigns.com/public_html/cms_admin/smarty/smarty0_mobile/general/header.tpl'
2014-09-29 19:44:24: Items Synced OK: 1, Errors: 0
2014-09-29 19:44:24: == Sync Completed. Time: 00:00:03, Speed: 102.0/s (787.0/s)
2014-09-29 19:44:24: 
