2014-09-23 01:46:09: -- smarty members mobile: ANALYSIS started by On File Change 1st Full Analyze on 'mike’s MacBook Pro' (GoodSync 4.3.7.0)
2014-09-23 01:46:09: /code/hey/tv styles/smarty0_mobile =NoPropDels=> ftp://cs2055.mojohost.com/bonobodesigns.com/public_html/cms_admin/smarty/smarty0_mobile, NoWaitForLocks, UberUnlockedUpload, CopyCreateTime
2014-09-23 01:46:09: L: Files: 107 (excluded 0). Folders: 14 (excluded 1). /dev/disk0s2 HFS, Free: 46.2 GB, Total: 465.0 GB
2014-09-23 01:46:16: R: Files: 107 (excluded 0). Folders: 14 (excluded 1). FTP: FTP Server ready.
2014-09-23 01:46:17: /general/header.tpl: Warning: Older file to replace Newer file
2014-09-23 01:46:17: /join-us.tpl: Warning: Older file to replace Newer file
2014-09-23 01:46:17: /tour1/page_top.tpl: Warning: Older file to replace Newer file
2014-09-23 01:46:17: /tour1/topnav.tpl: Warning: Older file to replace Newer file
2014-09-23 01:46:17: Changes: 5, Conflicts: 0, CopyTime: 0, CopyState: 0/0, Errors: 0
2014-09-23 01:46:17: Left to Right: Copy File: 5 
2014-09-23 01:46:17: -- Analysis Completed. Time 00:00:10, Speed: 12 files/s
2014-09-23 01:46:17: == smarty members mobile: SYNC started by On File Change 1st Full Analyze on 'mike’s MacBook Pro'
2014-09-23 01:46:17: /code/hey/tv styles/smarty0_mobile =NoPropDels=> ftp://cs2055.mojohost.com/bonobodesigns.com/public_html/cms_admin/smarty/smarty0_mobile, NoWaitForLocks, UberUnlockedUpload, CopyCreateTime
2014-09-23 01:46:18: Copy Over '/code/hey/tv styles/smarty0_mobile/general/header.tpl' -> 'ftp://cs2055.mojohost.com/bonobodesigns.com/public_html/cms_admin/smarty/smarty0_mobile/general/header.tpl'
2014-09-23 01:46:19: Copy Over '/code/hey/tv styles/smarty0_mobile/join-us.tpl' -> 'ftp://cs2055.mojohost.com/bonobodesigns.com/public_html/cms_admin/smarty/smarty0_mobile/join-us.tpl'
2014-09-23 01:46:20: Copy Over '/code/hey/tv styles/smarty0_mobile/tour1/episode.tpl' -> 'ftp://cs2055.mojohost.com/bonobodesigns.com/public_html/cms_admin/smarty/smarty0_mobile/tour1/episode.tpl'
2014-09-23 01:46:22: Copy Over '/code/hey/tv styles/smarty0_mobile/tour1/page_top.tpl' -> 'ftp://cs2055.mojohost.com/bonobodesigns.com/public_html/cms_admin/smarty/smarty0_mobile/tour1/page_top.tpl'
2014-09-23 01:46:23: Copy Over '/code/hey/tv styles/smarty0_mobile/tour1/topnav.tpl' -> 'ftp://cs2055.mojohost.com/bonobodesigns.com/public_html/cms_admin/smarty/smarty0_mobile/tour1/topnav.tpl'
2014-09-23 01:46:23: Save State File ftp://cs2055.mojohost.com/bonobodesigns.com/public_html/cms_admin/smarty/smarty0_mobile/_gsdata_/_file_state_v4._gs
2014-09-23 01:46:24: Items Synced OK: 5, Errors: 0
2014-09-23 01:46:24: == Sync Completed. Time: 00:00:07, Speed: 2.9 KB/s (2.4 KB/s)
2014-09-23 01:46:24: 
